TEST CASE 1: 
   /8
  | |  /7
  | | |  \5
  |  \4
  |   |  /2
  |    \2
 <2
   \1
     \0

       /8
     /7
    |  \5
   /4
  |  \2
 <2
  |  /2
   \1
     \0

     /8
   /7
  | |  /5
  |  \4
 <2
  |  /1
   \2
     \1
       \0

TEST CASE 2: 
         /9
       /7
     /6
    |  \5
   /4
 <4
  |  /3
  | |  \2
   \1

       /9
     /7
   /6
  | |  /5
  |  \4
 <4
  |  /3
   \2
     \1

     /9
   /7
  |  \6
  |    \5
 <4
  |  /4
   \3
    |  /2
     \1

TEST CASE 3: 
     /7.1
    |  \7
   /6
  | |  /4
  |  \3
 <3
   \2
     \1
       \0

   /7.1
  |  \7
 <6
  |    /4
  |  /3
   \3
    |  /2
     \1
       \0

     /7.1
   /7
  |  \6
  |    \4
 <3
  |  /3
   \2
     \1
       \0

